{"/home/wesley/projetos/conectar/Teste-NestJS-e-Flutter-Gerenciamento-de-Usuarios/server/src/app.controller.ts": {"path":"/home/wesley/projetos/conectar/Teste-NestJS-e-Flutter-Gerenciamento-de-Usuarios/server/src/app.controller.ts","statementMap":{"0":{"start":{"line":1,"column":0},"end":{"line":1,"column":49}},"1":{"start":{"line":2,"column":0},"end":{"line":2,"column":43}},"2":{"start":{"line":3,"column":0},"end":{"line":3,"column":69}},"3":{"start":{"line":7,"column":7},"end":{"line":58,"column":null}},"4":{"start":{"line":8,"column":31},"end":{"line":8,"column":43}},"5":{"start":{"line":36,"column":4},"end":{"line":56,"column":6}},"6":{"start":{"line":7,"column":13},"end":{"line":7,"column":26}},"7":{"start":{"line":35,"column":2},"end":{"line":57,"column":null}},"8":{"start":{"line":7,"column":13},"end":{"line":58,"column":null}}},"fnMap":{"0":{"name":"(anonymous_2)","decl":{"start":{"line":8,"column":2},"end":{"line":8,"column":31}},"loc":{"start":{"line":8,"column":53},"end":{"line":8,"column":57}}},"1":{"name":"(anonymous_3)","decl":{"start":{"line":35,"column":2},"end":{"line":35,"column":10}},"loc":{"start":{"line":35,"column":10},"end":{"line":57,"column":3}}}},"branchMap":{"0":{"loc":{"start":{"line":8,"column":43},"end":{"line":8,"column":56}},"type":"cond-expr","locations":[{"start":{"line":8,"column":53},"end":{"line":8,"column":56}},{"start":{"line":8,"column":53},"end":{"line":8,"column":56}}]},"1":{"loc":{"start":{"line":8,"column":43},"end":{"line":8,"column":53}},"type":"binary-expr","locations":[{"start":{"line":8,"column":43},"end":{"line":8,"column":56}},{"start":{"line":8,"column":43},"end":{"line":8,"column":53}}]}},"s":{"0":1,"1":1,"2":1,"3":1,"4":1,"5":1,"6":1,"7":1,"8":1},"f":{"0":1,"1":1},"b":{"0":[1,0],"1":[1,1]}}
,"/home/wesley/projetos/conectar/Teste-NestJS-e-Flutter-Gerenciamento-de-Usuarios/server/src/app.module.ts": {"path":"/home/wesley/projetos/conectar/Teste-NestJS-e-Flutter-Gerenciamento-de-Usuarios/server/src/app.module.ts","statementMap":{"0":{"start":{"line":1,"column":0},"end":{"line":1,"column":40}},"1":{"start":{"line":2,"column":0},"end":{"line":2,"column":49}},"2":{"start":{"line":3,"column":0},"end":{"line":3,"column":43}},"3":{"start":{"line":4,"column":0},"end":{"line":4,"column":54}},"4":{"start":{"line":5,"column":0},"end":{"line":5,"column":48}},"5":{"start":{"line":6,"column":0},"end":{"line":6,"column":51}},"6":{"start":{"line":7,"column":0},"end":{"line":7,"column":63}},"7":{"start":{"line":14,"column":7},"end":{"line":14,"column":null}},"8":{"start":{"line":14,"column":13},"end":{"line":14,"column":22}},"9":{"start":{"line":14,"column":13},"end":{"line":14,"column":null}}},"fnMap":{},"branchMap":{},"s":{"0":0,"1":0,"2":0,"3":0,"4":0,"5":0,"6":0,"7":0,"8":0,"9":0},"f":{},"b":{}}
,"/home/wesley/projetos/conectar/Teste-NestJS-e-Flutter-Gerenciamento-de-Usuarios/server/src/app.service.ts": {"path":"/home/wesley/projetos/conectar/Teste-NestJS-e-Flutter-Gerenciamento-de-Usuarios/server/src/app.service.ts","statementMap":{"0":{"start":{"line":1,"column":0},"end":{"line":1,"column":44}},"1":{"start":{"line":4,"column":7},"end":{"line":8,"column":null}},"2":{"start":{"line":6,"column":4},"end":{"line":6,"column":26}},"3":{"start":{"line":4,"column":13},"end":{"line":4,"column":23}},"4":{"start":{"line":4,"column":13},"end":{"line":8,"column":null}}},"fnMap":{"0":{"name":"(anonymous_1)","decl":{"start":{"line":5,"column":2},"end":{"line":5,"column":10}},"loc":{"start":{"line":5,"column":10},"end":{"line":7,"column":3}}}},"branchMap":{},"s":{"0":1,"1":1,"2":0,"3":1,"4":1},"f":{"0":0},"b":{}}
,"/home/wesley/projetos/conectar/Teste-NestJS-e-Flutter-Gerenciamento-de-Usuarios/server/src/main.ts": {"path":"/home/wesley/projetos/conectar/Teste-NestJS-e-Flutter-Gerenciamento-de-Usuarios/server/src/main.ts","statementMap":{"0":{"start":{"line":1,"column":0},"end":{"line":1,"column":43}},"1":{"start":{"line":2,"column":0},"end":{"line":2,"column":48}},"2":{"start":{"line":3,"column":0},"end":{"line":3,"column":65}},"3":{"start":{"line":4,"column":0},"end":{"line":4,"column":41}},"4":{"start":{"line":7,"column":14},"end":{"line":7,"column":49}},"5":{"start":{"line":10,"column":15},"end":{"line":10,"column":39}},"6":{"start":{"line":11,"column":21},"end":{"line":11,"column":96}},"7":{"start":{"line":12,"column":20},"end":{"line":12,"column":53}},"8":{"start":{"line":15,"column":25},"end":{"line":15,"column":75}},"9":{"start":{"line":15,"column":61},"end":{"line":15,"column":74}},"10":{"start":{"line":17,"column":2},"end":{"line":32,"column":5}},"11":{"start":{"line":20,"column":6},"end":{"line":27,"column":7}},"12":{"start":{"line":24,"column":8},"end":{"line":24,"column":29}},"13":{"start":{"line":26,"column":8},"end":{"line":26,"column":62}},"14":{"start":{"line":34,"column":2},"end":{"line":34,"column":43}},"15":{"start":{"line":36,"column":17},"end":{"line":85,"column":12}},"16":{"start":{"line":86,"column":19},"end":{"line":86,"column":60}},"17":{"start":{"line":87,"column":2},"end":{"line":94,"column":5}},"18":{"start":{"line":96,"column":2},"end":{"line":96,"column":25}},"19":{"start":{"line":98,"column":2},"end":{"line":98,"column":62}},"20":{"start":{"line":99,"column":2},"end":{"line":99,"column":68}},"21":{"start":{"line":101,"column":2},"end":{"line":107,"column":3}},"22":{"start":{"line":102,"column":4},"end":{"line":102,"column":48}},"23":{"start":{"line":103,"column":4},"end":{"line":103,"column":66}},"24":{"start":{"line":104,"column":4},"end":{"line":104,"column":70}},"25":{"start":{"line":105,"column":4},"end":{"line":105,"column":67}},"26":{"start":{"line":106,"column":4},"end":{"line":106,"column":51}},"27":{"start":{"line":110,"column":0},"end":{"line":110,"column":12}}},"fnMap":{"0":{"name":"bootstrap","decl":{"start":{"line":6,"column":15},"end":{"line":6,"column":24}},"loc":{"start":{"line":6,"column":24},"end":{"line":108,"column":1}}},"1":{"name":"(anonymous_1)","decl":{"start":{"line":15,"column":51},"end":{"line":15,"column":57}},"loc":{"start":{"line":15,"column":61},"end":{"line":15,"column":74}}},"2":{"name":"(anonymous_2)","decl":{"start":{"line":18,"column":12},"end":{"line":18,"column":13}},"loc":{"start":{"line":18,"column":33},"end":{"line":28,"column":5}}}},"branchMap":{"0":{"loc":{"start":{"line":10,"column":15},"end":{"line":10,"column":39}},"type":"binary-expr","locations":[{"start":{"line":10,"column":15},"end":{"line":10,"column":31}},{"start":{"line":10,"column":35},"end":{"line":10,"column":39}}]},"1":{"loc":{"start":{"line":11,"column":21},"end":{"line":11,"column":96}},"type":"binary-expr","locations":[{"start":{"line":11,"column":21},"end":{"line":11,"column":44}},{"start":{"line":11,"column":48},"end":{"line":11,"column":96}}]},"2":{"loc":{"start":{"line":20,"column":6},"end":{"line":27,"column":7}},"type":"if","locations":[{"start":{"line":20,"column":6},"end":{"line":27,"column":7}},{"start":{"line":25,"column":13},"end":{"line":27,"column":7}}]},"3":{"loc":{"start":{"line":20,"column":10},"end":{"line":23,"column":41}},"type":"binary-expr","locations":[{"start":{"line":20,"column":10},"end":{"line":20,"column":17}},{"start":{"line":21,"column":10},"end":{"line":21,"column":48}},{"start":{"line":22,"column":10},"end":{"line":22,"column":48}},{"start":{"line":23,"column":10},"end":{"line":23,"column":41}}]},"4":{"loc":{"start":{"line":101,"column":2},"end":{"line":107,"column":3}},"type":"if","locations":[{"start":{"line":101,"column":2},"end":{"line":107,"column":3}},{"start":{},"end":{}}]}},"s":{"0":0,"1":0,"2":0,"3":0,"4":0,"5":0,"6":0,"7":0,"8":0,"9":0,"10":0,"11":0,"12":0,"13":0,"14":0,"15":0,"16":0,"17":0,"18":0,"19":0,"20":0,"21":0,"22":0,"23":0,"24":0,"25":0,"26":0,"27":0},"f":{"0":0,"1":0,"2":0},"b":{"0":[0,0],"1":[0,0],"2":[0,0],"3":[0,0,0,0],"4":[0,0]}}
,"/home/wesley/projetos/conectar/Teste-NestJS-e-Flutter-Gerenciamento-de-Usuarios/server/src/seed.ts": {"path":"/home/wesley/projetos/conectar/Teste-NestJS-e-Flutter-Gerenciamento-de-Usuarios/server/src/seed.ts","statementMap":{"0":{"start":{"line":1,"column":0},"end":{"line":1,"column":51}},"1":{"start":{"line":2,"column":0},"end":{"line":2,"column":33}},"2":{"start":{"line":4,"column":15},"end":{"line":4,"column":33}},"3":{"start":{"line":8,"column":25},"end":{"line":8,"column":58}},"4":{"start":{"line":9,"column":2},"end":{"line":18,"column":5}},"5":{"start":{"line":19,"column":2},"end":{"line":19,"column":36}},"6":{"start":{"line":22,"column":24},"end":{"line":22,"column":56}},"7":{"start":{"line":23,"column":2},"end":{"line":33,"column":5}},"8":{"start":{"line":35,"column":24},"end":{"line":35,"column":56}},"9":{"start":{"line":36,"column":2},"end":{"line":46,"column":5}},"10":{"start":{"line":48,"column":24},"end":{"line":48,"column":56}},"11":{"start":{"line":49,"column":2},"end":{"line":59,"column":5}},"12":{"start":{"line":61,"column":2},"end":{"line":61,"column":50}},"13":{"start":{"line":64,"column":0},"end":{"line":71,"column":5}},"14":{"start":{"line":66,"column":4},"end":{"line":66,"column":21}},"15":{"start":{"line":67,"column":4},"end":{"line":67,"column":20}},"16":{"start":{"line":70,"column":4},"end":{"line":70,"column":31}}},"fnMap":{"0":{"name":"main","decl":{"start":{"line":6,"column":15},"end":{"line":6,"column":19}},"loc":{"start":{"line":6,"column":19},"end":{"line":62,"column":1}}},"1":{"name":"(anonymous_10)","decl":{"start":{"line":65,"column":9},"end":{"line":65,"column":10}},"loc":{"start":{"line":65,"column":15},"end":{"line":68,"column":3}}},"2":{"name":"(anonymous_11)","decl":{"start":{"line":69,"column":11},"end":{"line":69,"column":16}},"loc":{"start":{"line":69,"column":22},"end":{"line":71,"column":3}}}},"branchMap":{},"s":{"0":0,"1":0,"2":0,"3":0,"4":0,"5":0,"6":0,"7":0,"8":0,"9":0,"10":0,"11":0,"12":0,"13":0,"14":0,"15":0,"16":0},"f":{"0":0,"1":0,"2":0},"b":{}}
,"/home/wesley/projetos/conectar/Teste-NestJS-e-Flutter-Gerenciamento-de-Usuarios/server/src/auth/auth.controller.ts": {"path":"/home/wesley/projetos/conectar/Teste-NestJS-e-Flutter-Gerenciamento-de-Usuarios/server/src/auth/auth.controller.ts","statementMap":{"0":{"start":{"line":1,"column":0},"end":{"line":1,"column":56}},"1":{"start":{"line":2,"column":0},"end":{"line":2,"column":69}},"2":{"start":{"line":3,"column":0},"end":{"line":3,"column":45}},"3":{"start":{"line":4,"column":0},"end":{"line":4,"column":49}},"4":{"start":{"line":5,"column":0},"end":{"line":5,"column":43}},"5":{"start":{"line":6,"column":0},"end":{"line":6,"column":54}},"6":{"start":{"line":10,"column":7},"end":{"line":82,"column":null}},"7":{"start":{"line":11,"column":31},"end":{"line":11,"column":44}},"8":{"start":{"line":32,"column":4},"end":{"line":32,"column":50}},"9":{"start":{"line":55,"column":4},"end":{"line":55,"column":44}},"10":{"start":{"line":80,"column":4},"end":{"line":80,"column":54}},"11":{"start":{"line":10,"column":13},"end":{"line":10,"column":27}},"12":{"start":{"line":31,"column":8},"end":{"line":33,"column":null}},"13":{"start":{"line":54,"column":8},"end":{"line":56,"column":null}},"14":{"start":{"line":79,"column":8},"end":{"line":81,"column":null}},"15":{"start":{"line":10,"column":13},"end":{"line":82,"column":null}}},"fnMap":{"0":{"name":"(anonymous_4)","decl":{"start":{"line":11,"column":2},"end":{"line":11,"column":31}},"loc":{"start":{"line":11,"column":55},"end":{"line":11,"column":59}}},"1":{"name":"(anonymous_5)","decl":{"start":{"line":31,"column":8},"end":{"line":31,"column":16}},"loc":{"start":{"line":31,"column":49},"end":{"line":33,"column":3}}},"2":{"name":"(anonymous_6)","decl":{"start":{"line":54,"column":8},"end":{"line":54,"column":13}},"loc":{"start":{"line":54,"column":40},"end":{"line":56,"column":3}}},"3":{"name":"(anonymous_7)","decl":{"start":{"line":79,"column":8},"end":{"line":79,"column":18}},"loc":{"start":{"line":79,"column":55},"end":{"line":81,"column":3}}}},"branchMap":{"0":{"loc":{"start":{"line":31,"column":38},"end":{"line":31,"column":null}},"type":"cond-expr","locations":[{"start":{"line":31,"column":49},"end":{"line":31,"column":null}},{"start":{"line":31,"column":49},"end":{"line":31,"column":null}}]},"1":{"loc":{"start":{"line":31,"column":38},"end":{"line":31,"column":49}},"type":"binary-expr","locations":[{"start":{"line":31,"column":38},"end":{"line":31,"column":null}},{"start":{"line":31,"column":38},"end":{"line":31,"column":49}}]},"2":{"loc":{"start":{"line":54,"column":32},"end":{"line":54,"column":null}},"type":"cond-expr","locations":[{"start":{"line":54,"column":40},"end":{"line":54,"column":null}},{"start":{"line":54,"column":40},"end":{"line":54,"column":null}}]},"3":{"loc":{"start":{"line":54,"column":32},"end":{"line":54,"column":40}},"type":"binary-expr","locations":[{"start":{"line":54,"column":32},"end":{"line":54,"column":null}},{"start":{"line":54,"column":32},"end":{"line":54,"column":40}}]},"4":{"loc":{"start":{"line":79,"column":42},"end":{"line":79,"column":null}},"type":"cond-expr","locations":[{"start":{"line":79,"column":55},"end":{"line":79,"column":null}},{"start":{"line":79,"column":55},"end":{"line":79,"column":null}}]},"5":{"loc":{"start":{"line":79,"column":42},"end":{"line":79,"column":55}},"type":"binary-expr","locations":[{"start":{"line":79,"column":42},"end":{"line":79,"column":null}},{"start":{"line":79,"column":42},"end":{"line":79,"column":55}}]},"6":{"loc":{"start":{"line":11,"column":44},"end":{"line":11,"column":58}},"type":"cond-expr","locations":[{"start":{"line":11,"column":55},"end":{"line":11,"column":58}},{"start":{"line":11,"column":55},"end":{"line":11,"column":58}}]},"7":{"loc":{"start":{"line":11,"column":44},"end":{"line":11,"column":55}},"type":"binary-expr","locations":[{"start":{"line":11,"column":44},"end":{"line":11,"column":58}},{"start":{"line":11,"column":44},"end":{"line":11,"column":55}}]}},"s":{"0":0,"1":0,"2":0,"3":0,"4":0,"5":0,"6":0,"7":0,"8":0,"9":0,"10":0,"11":0,"12":0,"13":0,"14":0,"15":0},"f":{"0":0,"1":0,"2":0,"3":0},"b":{"0":[0,0],"1":[0,0],"2":[0,0],"3":[0,0],"4":[0,0],"5":[0,0],"6":[0,0],"7":[0,0]}}
,"/home/wesley/projetos/conectar/Teste-NestJS-e-Flutter-Gerenciamento-de-Usuarios/server/src/auth/auth.module.ts": {"path":"/home/wesley/projetos/conectar/Teste-NestJS-e-Flutter-Gerenciamento-de-Usuarios/server/src/auth/auth.module.ts","statementMap":{"0":{"start":{"line":1,"column":0},"end":{"line":1,"column":40}},"1":{"start":{"line":2,"column":0},"end":{"line":2,"column":40}},"2":{"start":{"line":3,"column":0},"end":{"line":3,"column":50}},"3":{"start":{"line":4,"column":0},"end":{"line":4,"column":51}},"4":{"start":{"line":5,"column":0},"end":{"line":5,"column":45}},"5":{"start":{"line":6,"column":0},"end":{"line":6,"column":50}},"6":{"start":{"line":20,"column":7},"end":{"line":20,"column":null}},"7":{"start":{"line":20,"column":13},"end":{"line":20,"column":23}},"8":{"start":{"line":20,"column":13},"end":{"line":20,"column":null}}},"fnMap":{},"branchMap":{},"s":{"0":0,"1":0,"2":0,"3":0,"4":0,"5":0,"6":0,"7":0,"8":0},"f":{},"b":{}}
,"/home/wesley/projetos/conectar/Teste-NestJS-e-Flutter-Gerenciamento-de-Usuarios/server/src/auth/auth.service.ts": {"path":"/home/wesley/projetos/conectar/Teste-NestJS-e-Flutter-Gerenciamento-de-Usuarios/server/src/auth/auth.service.ts","statementMap":{"0":{"start":{"line":1,"column":0},"end":{"line":1,"column":67}},"1":{"start":{"line":2,"column":0},"end":{"line":2,"column":41}},"2":{"start":{"line":3,"column":0},"end":{"line":3,"column":33}},"3":{"start":{"line":4,"column":0},"end":{"line":4,"column":57}},"4":{"start":{"line":10,"column":7},"end":{"line":115,"column":null}},"5":{"start":{"line":12,"column":12},"end":{"line":12,"column":20}},"6":{"start":{"line":13,"column":12},"end":{"line":13,"column":24}},"7":{"start":{"line":18,"column":25},"end":{"line":20,"column":6}},"8":{"start":{"line":21,"column":4},"end":{"line":23,"column":5}},"9":{"start":{"line":22,"column":6},"end":{"line":22,"column":62}},"10":{"start":{"line":25,"column":27},"end":{"line":25,"column":70}},"11":{"start":{"line":26,"column":17},"end":{"line":33,"column":6}},"12":{"start":{"line":34,"column":36},"end":{"line":34,"column":40}},"13":{"start":{"line":35,"column":4},"end":{"line":35,"column":18}},"14":{"start":{"line":39,"column":17},"end":{"line":41,"column":6}},"15":{"start":{"line":42,"column":4},"end":{"line":44,"column":5}},"16":{"start":{"line":43,"column":6},"end":{"line":43,"column":61}},"17":{"start":{"line":45,"column":28},"end":{"line":45,"column":82}},"18":{"start":{"line":46,"column":4},"end":{"line":48,"column":5}},"19":{"start":{"line":47,"column":6},"end":{"line":47,"column":61}},"20":{"start":{"line":50,"column":4},"end":{"line":53,"column":7}},"21":{"start":{"line":54,"column":20},"end":{"line":54,"column":72}},"22":{"start":{"line":55,"column":4},"end":{"line":58,"column":6}},"23":{"start":{"line":63,"column":15},"end":{"line":70,"column":6}},"24":{"start":{"line":72,"column":4},"end":{"line":99,"column":5}},"25":{"start":{"line":74,"column":6},"end":{"line":84,"column":9}},"26":{"start":{"line":87,"column":6},"end":{"line":98,"column":9}},"27":{"start":{"line":102,"column":20},"end":{"line":102,"column":72}},"28":{"start":{"line":103,"column":4},"end":{"line":113,"column":6}},"29":{"start":{"line":10,"column":13},"end":{"line":10,"column":24}},"30":{"start":{"line":10,"column":13},"end":{"line":115,"column":null}}},"fnMap":{"0":{"name":"(anonymous_11)","decl":{"start":{"line":11,"column":2},"end":{"line":11,"column":null}},"loc":{"start":{"line":13,"column":34},"end":{"line":14,"column":6}}},"1":{"name":"(anonymous_12)","decl":{"start":{"line":16,"column":2},"end":{"line":16,"column":7}},"loc":{"start":{"line":16,"column":41},"end":{"line":36,"column":3}}},"2":{"name":"(anonymous_13)","decl":{"start":{"line":38,"column":2},"end":{"line":38,"column":7}},"loc":{"start":{"line":38,"column":32},"end":{"line":59,"column":3}}},"3":{"name":"(anonymous_14)","decl":{"start":{"line":61,"column":2},"end":{"line":61,"column":7}},"loc":{"start":{"line":61,"column":47},"end":{"line":114,"column":3}}}},"branchMap":{"0":{"loc":{"start":{"line":21,"column":4},"end":{"line":23,"column":5}},"type":"if","locations":[{"start":{"line":21,"column":4},"end":{"line":23,"column":5}},{"start":{},"end":{}}]},"1":{"loc":{"start":{"line":31,"column":14},"end":{"line":31,"column":40}},"type":"binary-expr","locations":[{"start":{"line":31,"column":14},"end":{"line":31,"column":30}},{"start":{"line":31,"column":34},"end":{"line":31,"column":40}}]},"2":{"loc":{"start":{"line":42,"column":4},"end":{"line":44,"column":5}},"type":"if","locations":[{"start":{"line":42,"column":4},"end":{"line":44,"column":5}},{"start":{},"end":{}}]},"3":{"loc":{"start":{"line":42,"column":8},"end":{"line":42,"column":31}},"type":"binary-expr","locations":[{"start":{"line":42,"column":8},"end":{"line":42,"column":13}},{"start":{"line":42,"column":17},"end":{"line":42,"column":31}}]},"4":{"loc":{"start":{"line":46,"column":4},"end":{"line":48,"column":5}},"type":"if","locations":[{"start":{"line":46,"column":4},"end":{"line":48,"column":5}},{"start":{},"end":{}}]},"5":{"loc":{"start":{"line":72,"column":4},"end":{"line":99,"column":5}},"type":"if","locations":[{"start":{"line":72,"column":4},"end":{"line":99,"column":5}},{"start":{"line":85,"column":11},"end":{"line":99,"column":5}}]},"6":{"loc":{"start":{"line":12,"column":20},"end":{"line":12,"column":null}},"type":"cond-expr","locations":[{"start":{"line":12,"column":33},"end":{"line":12,"column":null}},{"start":{"line":12,"column":33},"end":{"line":12,"column":null}}]},"7":{"loc":{"start":{"line":12,"column":20},"end":{"line":12,"column":33}},"type":"binary-expr","locations":[{"start":{"line":12,"column":20},"end":{"line":12,"column":null}},{"start":{"line":12,"column":20},"end":{"line":12,"column":33}}]},"8":{"loc":{"start":{"line":12,"column":33},"end":{"line":13,"column":null}},"type":"cond-expr","locations":[{"start":{"line":13,"column":34},"end":{"line":13,"column":null}},{"start":{"line":13,"column":34},"end":{"line":13,"column":null}}]},"9":{"loc":{"start":{"line":12,"column":33},"end":{"line":13,"column":34}},"type":"binary-expr","locations":[{"start":{"line":12,"column":33},"end":{"line":13,"column":null}},{"start":{"line":13,"column":24},"end":{"line":13,"column":34}}]}},"s":{"0":1,"1":1,"2":1,"3":1,"4":1,"5":6,"6":6,"7":2,"8":2,"9":1,"10":1,"11":1,"12":1,"13":1,"14":3,"15":3,"16":1,"17":2,"18":2,"19":1,"20":1,"21":1,"22":1,"23":0,"24":0,"25":0,"26":0,"27":0,"28":0,"29":1,"30":1},"f":{"0":6,"1":2,"2":3,"3":0},"b":{"0":[1,1],"1":[1,0],"2":[1,2],"3":[3,2],"4":[1,1],"5":[0,0],"6":[1,0],"7":[1,1],"8":[1,0],"9":[1,1]}}
,"/home/wesley/projetos/conectar/Teste-NestJS-e-Flutter-Gerenciamento-de-Usuarios/server/src/auth/dto/google-auth.dto.ts": {"path":"/home/wesley/projetos/conectar/Teste-NestJS-e-Flutter-Gerenciamento-de-Usuarios/server/src/auth/dto/google-auth.dto.ts","statementMap":{"0":{"start":{"line":1,"column":0},"end":{"line":1,"column":76}},"1":{"start":{"line":2,"column":0},"end":{"line":2,"column":46}},"2":{"start":{"line":4,"column":0},"end":{"line":4,"column":13}},"3":{"start":{"line":11,"column":2},"end":{"line":11,"column":null}},"4":{"start":{"line":19,"column":2},"end":{"line":19,"column":null}},"5":{"start":{"line":27,"column":2},"end":{"line":27,"column":null}},"6":{"start":{"line":35,"column":2},"end":{"line":35,"column":null}},"7":{"start":{"line":44,"column":2},"end":{"line":44,"column":null}}},"fnMap":{},"branchMap":{},"s":{"0":0,"1":0,"2":0,"3":0,"4":0,"5":0,"6":0,"7":0},"f":{},"b":{}}
,"/home/wesley/projetos/conectar/Teste-NestJS-e-Flutter-Gerenciamento-de-Usuarios/server/src/auth/dto/login.dto.ts": {"path":"/home/wesley/projetos/conectar/Teste-NestJS-e-Flutter-Gerenciamento-de-Usuarios/server/src/auth/dto/login.dto.ts","statementMap":{"0":{"start":{"line":1,"column":0},"end":{"line":1,"column":64}},"1":{"start":{"line":2,"column":0},"end":{"line":2,"column":46}},"2":{"start":{"line":4,"column":0},"end":{"line":4,"column":13}},"3":{"start":{"line":10,"column":2},"end":{"line":10,"column":null}},"4":{"start":{"line":18,"column":2},"end":{"line":18,"column":null}}},"fnMap":{},"branchMap":{},"s":{"0":0,"1":0,"2":0,"3":0,"4":0},"f":{},"b":{}}
,"/home/wesley/projetos/conectar/Teste-NestJS-e-Flutter-Gerenciamento-de-Usuarios/server/src/auth/dto/register.dto.ts": {"path":"/home/wesley/projetos/conectar/Teste-NestJS-e-Flutter-Gerenciamento-de-Usuarios/server/src/auth/dto/register.dto.ts","statementMap":{"0":{"start":{"line":1,"column":0},"end":{"line":1,"column":76}},"1":{"start":{"line":2,"column":0},"end":{"line":2,"column":46}},"2":{"start":{"line":4,"column":0},"end":{"line":4,"column":13}},"3":{"start":{"line":11,"column":2},"end":{"line":11,"column":null}},"4":{"start":{"line":18,"column":2},"end":{"line":18,"column":null}},"5":{"start":{"line":26,"column":2},"end":{"line":26,"column":null}},"6":{"start":{"line":36,"column":2},"end":{"line":36,"column":null}}},"fnMap":{},"branchMap":{},"s":{"0":0,"1":0,"2":0,"3":0,"4":0,"5":0,"6":0},"f":{},"b":{}}
,"/home/wesley/projetos/conectar/Teste-NestJS-e-Flutter-Gerenciamento-de-Usuarios/server/src/companies/companies.controller.ts": {"path":"/home/wesley/projetos/conectar/Teste-NestJS-e-Flutter-Gerenciamento-de-Usuarios/server/src/companies/companies.controller.ts","statementMap":{"0":{"start":{"line":1,"column":0},"end":{"line":1,"column":null}},"1":{"start":{"line":13,"column":0},"end":{"line":13,"column":94}},"2":{"start":{"line":14,"column":0},"end":{"line":14,"column":55}},"3":{"start":{"line":15,"column":0},"end":{"line":15,"column":60}},"4":{"start":{"line":16,"column":0},"end":{"line":16,"column":60}},"5":{"start":{"line":17,"column":0},"end":{"line":17,"column":44}},"6":{"start":{"line":18,"column":0},"end":{"line":18,"column":48}},"7":{"start":{"line":19,"column":0},"end":{"line":19,"column":47}},"8":{"start":{"line":25,"column":7},"end":{"line":117,"column":null}},"9":{"start":{"line":26,"column":31},"end":{"line":26,"column":49}},"10":{"start":{"line":41,"column":28},"end":{"line":41,"column":89}},"11":{"start":{"line":42,"column":4},"end":{"line":44,"column":5}},"12":{"start":{"line":43,"column":6},"end":{"line":43,"column":56}},"13":{"start":{"line":46,"column":4},"end":{"line":46,"column":58}},"14":{"start":{"line":64,"column":4},"end":{"line":64,"column":48}},"15":{"start":{"line":78,"column":4},"end":{"line":78,"column":45}},"16":{"start":{"line":94,"column":4},"end":{"line":99,"column":5}},"17":{"start":{"line":95,"column":30},"end":{"line":95,"column":91}},"18":{"start":{"line":96,"column":6},"end":{"line":98,"column":7}},"19":{"start":{"line":97,"column":8},"end":{"line":97,"column":58}},"20":{"start":{"line":101,"column":4},"end":{"line":101,"column":62}},"21":{"start":{"line":115,"column":4},"end":{"line":115,"column":44}},"22":{"start":{"line":25,"column":13},"end":{"line":25,"column":32}},"23":{"start":{"line":39,"column":8},"end":{"line":47,"column":null}},"24":{"start":{"line":63,"column":2},"end":{"line":65,"column":null}},"25":{"start":{"line":77,"column":2},"end":{"line":79,"column":null}},"26":{"start":{"line":92,"column":8},"end":{"line":102,"column":null}},"27":{"start":{"line":114,"column":2},"end":{"line":116,"column":null}},"28":{"start":{"line":25,"column":13},"end":{"line":117,"column":null}}},"fnMap":{"0":{"name":"(anonymous_4)","decl":{"start":{"line":26,"column":2},"end":{"line":26,"column":31}},"loc":{"start":{"line":26,"column":65},"end":{"line":26,"column":69}}},"1":{"name":"(anonymous_5)","decl":{"start":{"line":39,"column":8},"end":{"line":39,"column":14}},"loc":{"start":{"line":39,"column":57},"end":{"line":47,"column":3}}},"2":{"name":"(anonymous_6)","decl":{"start":{"line":63,"column":2},"end":{"line":63,"column":9}},"loc":{"start":{"line":63,"column":24},"end":{"line":65,"column":3}}},"3":{"name":"(anonymous_7)","decl":{"start":{"line":77,"column":2},"end":{"line":77,"column":9}},"loc":{"start":{"line":77,"column":33},"end":{"line":79,"column":3}}},"4":{"name":"(anonymous_8)","decl":{"start":{"line":92,"column":8},"end":{"line":92,"column":14}},"loc":{"start":{"line":92,"column":82},"end":{"line":102,"column":3}}},"5":{"name":"(anonymous_9)","decl":{"start":{"line":114,"column":2},"end":{"line":114,"column":8}},"loc":{"start":{"line":114,"column":32},"end":{"line":116,"column":3}}}},"branchMap":{"0":{"loc":{"start":{"line":42,"column":4},"end":{"line":44,"column":5}},"type":"if","locations":[{"start":{"line":42,"column":4},"end":{"line":44,"column":5}},{"start":{},"end":{}}]},"1":{"loc":{"start":{"line":94,"column":4},"end":{"line":99,"column":5}},"type":"if","locations":[{"start":{"line":94,"column":4},"end":{"line":99,"column":5}},{"start":{},"end":{}}]},"2":{"loc":{"start":{"line":96,"column":6},"end":{"line":98,"column":7}},"type":"if","locations":[{"start":{"line":96,"column":6},"end":{"line":98,"column":7}},{"start":{},"end":{}}]},"3":{"loc":{"start":{"line":96,"column":10},"end":{"line":96,"column":54}},"type":"binary-expr","locations":[{"start":{"line":96,"column":10},"end":{"line":96,"column":25}},{"start":{"line":96,"column":29},"end":{"line":96,"column":54}}]},"4":{"loc":{"start":{"line":39,"column":41},"end":{"line":39,"column":null}},"type":"cond-expr","locations":[{"start":{"line":39,"column":57},"end":{"line":39,"column":null}},{"start":{"line":39,"column":57},"end":{"line":39,"column":null}}]},"5":{"loc":{"start":{"line":39,"column":41},"end":{"line":39,"column":57}},"type":"binary-expr","locations":[{"start":{"line":39,"column":41},"end":{"line":39,"column":null}},{"start":{"line":39,"column":41},"end":{"line":39,"column":57}}]},"6":{"loc":{"start":{"line":92,"column":66},"end":{"line":92,"column":null}},"type":"cond-expr","locations":[{"start":{"line":92,"column":82},"end":{"line":92,"column":null}},{"start":{"line":92,"column":82},"end":{"line":92,"column":null}}]},"7":{"loc":{"start":{"line":92,"column":66},"end":{"line":92,"column":82}},"type":"binary-expr","locations":[{"start":{"line":92,"column":66},"end":{"line":92,"column":null}},{"start":{"line":92,"column":66},"end":{"line":92,"column":82}}]},"8":{"loc":{"start":{"line":26,"column":49},"end":{"line":26,"column":68}},"type":"cond-expr","locations":[{"start":{"line":26,"column":65},"end":{"line":26,"column":68}},{"start":{"line":26,"column":65},"end":{"line":26,"column":68}}]},"9":{"loc":{"start":{"line":26,"column":49},"end":{"line":26,"column":65}},"type":"binary-expr","locations":[{"start":{"line":26,"column":49},"end":{"line":26,"column":68}},{"start":{"line":26,"column":49},"end":{"line":26,"column":65}}]}},"s":{"0":0,"1":0,"2":0,"3":0,"4":0,"5":0,"6":0,"7":0,"8":0,"9":0,"10":0,"11":0,"12":0,"13":0,"14":0,"15":0,"16":0,"17":0,"18":0,"19":0,"20":0,"21":0,"22":0,"23":0,"24":0,"25":0,"26":0,"27":0,"28":0},"f":{"0":0,"1":0,"2":0,"3":0,"4":0,"5":0},"b":{"0":[0,0],"1":[0,0],"2":[0,0],"3":[0,0],"4":[0,0],"5":[0,0],"6":[0,0],"7":[0,0],"8":[0,0],"9":[0,0]}}
,"/home/wesley/projetos/conectar/Teste-NestJS-e-Flutter-Gerenciamento-de-Usuarios/server/src/companies/companies.module.ts": {"path":"/home/wesley/projetos/conectar/Teste-NestJS-e-Flutter-Gerenciamento-de-Usuarios/server/src/companies/companies.module.ts","statementMap":{"0":{"start":{"line":1,"column":0},"end":{"line":1,"column":40}},"1":{"start":{"line":2,"column":0},"end":{"line":2,"column":55}},"2":{"start":{"line":3,"column":0},"end":{"line":3,"column":61}},"3":{"start":{"line":4,"column":0},"end":{"line":4,"column":55}},"4":{"start":{"line":12,"column":7},"end":{"line":12,"column":null}},"5":{"start":{"line":12,"column":13},"end":{"line":12,"column":28}},"6":{"start":{"line":12,"column":13},"end":{"line":12,"column":null}}},"fnMap":{},"branchMap":{},"s":{"0":0,"1":0,"2":0,"3":0,"4":0,"5":0,"6":0},"f":{},"b":{}}
,"/home/wesley/projetos/conectar/Teste-NestJS-e-Flutter-Gerenciamento-de-Usuarios/server/src/companies/companies.service.ts": {"path":"/home/wesley/projetos/conectar/Teste-NestJS-e-Flutter-Gerenciamento-de-Usuarios/server/src/companies/companies.service.ts","statementMap":{"0":{"start":{"line":1,"column":0},"end":{"line":1,"column":63}},"1":{"start":{"line":2,"column":0},"end":{"line":2,"column":57}},"2":{"start":{"line":7,"column":7},"end":{"line":90,"column":null}},"3":{"start":{"line":8,"column":22},"end":{"line":8,"column":30}},"4":{"start":{"line":11,"column":4},"end":{"line":13,"column":7}},"5":{"start":{"line":17,"column":82},"end":{"line":17,"column":93}},"6":{"start":{"line":19,"column":23},"end":{"line":19,"column":25}},"7":{"start":{"line":21,"column":4},"end":{"line":23,"column":5}},"8":{"start":{"line":22,"column":6},"end":{"line":22,"column":28}},"9":{"start":{"line":25,"column":4},"end":{"line":27,"column":5}},"10":{"start":{"line":26,"column":6},"end":{"line":26,"column":49}},"11":{"start":{"line":29,"column":4},"end":{"line":35,"column":5}},"12":{"start":{"line":30,"column":6},"end":{"line":34,"column":8}},"13":{"start":{"line":37,"column":25},"end":{"line":37,"column":27}},"14":{"start":{"line":38,"column":4},"end":{"line":44,"column":5}},"15":{"start":{"line":39,"column":6},"end":{"line":39,"column":34}},"16":{"start":{"line":40,"column":11},"end":{"line":44,"column":5}},"17":{"start":{"line":41,"column":6},"end":{"line":41,"column":32}},"18":{"start":{"line":43,"column":6},"end":{"line":43,"column":32}},"19":{"start":{"line":46,"column":4},"end":{"line":49,"column":7}},"20":{"start":{"line":53,"column":20},"end":{"line":55,"column":6}},"21":{"start":{"line":57,"column":4},"end":{"line":59,"column":5}},"22":{"start":{"line":58,"column":6},"end":{"line":58,"column":60}},"23":{"start":{"line":61,"column":4},"end":{"line":61,"column":19}},"24":{"start":{"line":65,"column":4},"end":{"line":72,"column":5}},"25":{"start":{"line":66,"column":6},"end":{"line":69,"column":9}},"26":{"start":{"line":71,"column":6},"end":{"line":71,"column":60}},"27":{"start":{"line":76,"column":4},"end":{"line":82,"column":5}},"28":{"start":{"line":77,"column":6},"end":{"line":79,"column":9}},"29":{"start":{"line":81,"column":6},"end":{"line":81,"column":60}},"30":{"start":{"line":86,"column":4},"end":{"line":88,"column":7}},"31":{"start":{"line":7,"column":13},"end":{"line":7,"column":29}},"32":{"start":{"line":7,"column":13},"end":{"line":90,"column":null}}},"fnMap":{"0":{"name":"(anonymous_2)","decl":{"start":{"line":8,"column":2},"end":{"line":8,"column":22}},"loc":{"start":{"line":8,"column":43},"end":{"line":8,"column":47}}},"1":{"name":"(anonymous_3)","decl":{"start":{"line":10,"column":2},"end":{"line":10,"column":7}},"loc":{"start":{"line":10,"column":49},"end":{"line":14,"column":3}}},"2":{"name":"(anonymous_4)","decl":{"start":{"line":16,"column":2},"end":{"line":16,"column":7}},"loc":{"start":{"line":16,"column":27},"end":{"line":50,"column":3}}},"3":{"name":"(anonymous_5)","decl":{"start":{"line":52,"column":2},"end":{"line":52,"column":7}},"loc":{"start":{"line":52,"column":26},"end":{"line":62,"column":3}}},"4":{"name":"(anonymous_6)","decl":{"start":{"line":64,"column":2},"end":{"line":64,"column":7}},"loc":{"start":{"line":64,"column":61},"end":{"line":73,"column":3}}},"5":{"name":"(anonymous_7)","decl":{"start":{"line":75,"column":2},"end":{"line":75,"column":7}},"loc":{"start":{"line":75,"column":25},"end":{"line":83,"column":3}}},"6":{"name":"(anonymous_8)","decl":{"start":{"line":85,"column":2},"end":{"line":85,"column":7}},"loc":{"start":{"line":85,"column":31},"end":{"line":89,"column":3}}}},"branchMap":{"0":{"loc":{"start":{"line":17,"column":33},"end":{"line":17,"column":53}},"type":"default-arg","locations":[{"start":{"line":17,"column":42},"end":{"line":17,"column":53}}]},"1":{"loc":{"start":{"line":17,"column":55},"end":{"line":17,"column":69}},"type":"default-arg","locations":[{"start":{"line":17,"column":63},"end":{"line":17,"column":69}}]},"2":{"loc":{"start":{"line":17,"column":82},"end":{"line":17,"column":93}},"type":"binary-expr","locations":[{"start":{"line":17,"column":82},"end":{"line":17,"column":87}},{"start":{"line":17,"column":91},"end":{"line":17,"column":93}}]},"3":{"loc":{"start":{"line":21,"column":4},"end":{"line":23,"column":5}},"type":"if","locations":[{"start":{"line":21,"column":4},"end":{"line":23,"column":5}},{"start":{},"end":{}}]},"4":{"loc":{"start":{"line":25,"column":4},"end":{"line":27,"column":5}},"type":"if","locations":[{"start":{"line":25,"column":4},"end":{"line":27,"column":5}},{"start":{},"end":{}}]},"5":{"loc":{"start":{"line":29,"column":4},"end":{"line":35,"column":5}},"type":"if","locations":[{"start":{"line":29,"column":4},"end":{"line":35,"column":5}},{"start":{},"end":{}}]},"6":{"loc":{"start":{"line":38,"column":4},"end":{"line":44,"column":5}},"type":"if","locations":[{"start":{"line":38,"column":4},"end":{"line":44,"column":5}},{"start":{"line":40,"column":11},"end":{"line":44,"column":5}}]},"7":{"loc":{"start":{"line":40,"column":11},"end":{"line":44,"column":5}},"type":"if","locations":[{"start":{"line":40,"column":11},"end":{"line":44,"column":5}},{"start":{"line":42,"column":11},"end":{"line":44,"column":5}}]},"8":{"loc":{"start":{"line":57,"column":4},"end":{"line":59,"column":5}},"type":"if","locations":[{"start":{"line":57,"column":4},"end":{"line":59,"column":5}},{"start":{},"end":{}}]},"9":{"loc":{"start":{"line":8,"column":30},"end":{"line":8,"column":46}},"type":"cond-expr","locations":[{"start":{"line":8,"column":43},"end":{"line":8,"column":46}},{"start":{"line":8,"column":43},"end":{"line":8,"column":46}}]},"10":{"loc":{"start":{"line":8,"column":30},"end":{"line":8,"column":43}},"type":"binary-expr","locations":[{"start":{"line":8,"column":30},"end":{"line":8,"column":46}},{"start":{"line":8,"column":30},"end":{"line":8,"column":43}}]}},"s":{"0":0,"1":0,"2":0,"3":0,"4":0,"5":0,"6":0,"7":0,"8":0,"9":0,"10":0,"11":0,"12":0,"13":0,"14":0,"15":0,"16":0,"17":0,"18":0,"19":0,"20":0,"21":0,"22":0,"23":0,"24":0,"25":0,"26":0,"27":0,"28":0,"29":0,"30":0,"31":0,"32":0},"f":{"0":0,"1":0,"2":0,"3":0,"4":0,"5":0,"6":0},"b":{"0":[0],"1":[0],"2":[0,0],"3":[0,0],"4":[0,0],"5":[0,0],"6":[0,0],"7":[0,0],"8":[0,0],"9":[0,0],"10":[0,0]}}
,"/home/wesley/projetos/conectar/Teste-NestJS-e-Flutter-Gerenciamento-de-Usuarios/server/src/companies/dto/create-company.dto.ts": {"path":"/home/wesley/projetos/conectar/Teste-NestJS-e-Flutter-Gerenciamento-de-Usuarios/server/src/companies/dto/create-company.dto.ts","statementMap":{"0":{"start":{"line":1,"column":0},"end":{"line":1,"column":87}},"1":{"start":{"line":2,"column":0},"end":{"line":2,"column":46}},"2":{"start":{"line":4,"column":0},"end":{"line":4,"column":13}},"3":{"start":{"line":11,"column":2},"end":{"line":11,"column":null}},"4":{"start":{"line":20,"column":2},"end":{"line":20,"column":null}},"5":{"start":{"line":28,"column":2},"end":{"line":28,"column":null}},"6":{"start":{"line":37,"column":2},"end":{"line":37,"column":null}},"7":{"start":{"line":46,"column":2},"end":{"line":46,"column":null}},"8":{"start":{"line":55,"column":2},"end":{"line":55,"column":null}},"9":{"start":{"line":64,"column":2},"end":{"line":64,"column":null}},"10":{"start":{"line":73,"column":2},"end":{"line":73,"column":null}},"11":{"start":{"line":82,"column":2},"end":{"line":82,"column":null}},"12":{"start":{"line":92,"column":2},"end":{"line":92,"column":null}},"13":{"start":{"line":101,"column":2},"end":{"line":101,"column":null}}},"fnMap":{},"branchMap":{},"s":{"0":0,"1":0,"2":0,"3":0,"4":0,"5":0,"6":0,"7":0,"8":0,"9":0,"10":0,"11":0,"12":0,"13":0},"f":{},"b":{}}
,"/home/wesley/projetos/conectar/Teste-NestJS-e-Flutter-Gerenciamento-de-Usuarios/server/src/companies/dto/update-company.dto.ts": {"path":"/home/wesley/projetos/conectar/Teste-NestJS-e-Flutter-Gerenciamento-de-Usuarios/server/src/companies/dto/update-company.dto.ts","statementMap":{"0":{"start":{"line":1,"column":0},"end":{"line":1,"column":46}},"1":{"start":{"line":2,"column":0},"end":{"line":2,"column":56}},"2":{"start":{"line":4,"column":0},"end":{"line":4,"column":13}}},"fnMap":{},"branchMap":{},"s":{"0":0,"1":0,"2":0},"f":{},"b":{}}
,"/home/wesley/projetos/conectar/Teste-NestJS-e-Flutter-Gerenciamento-de-Usuarios/server/src/jwt/jwt.guard.ts": {"path":"/home/wesley/projetos/conectar/Teste-NestJS-e-Flutter-Gerenciamento-de-Usuarios/server/src/jwt/jwt.guard.ts","statementMap":{"0":{"start":{"line":1,"column":0},"end":{"line":1,"column":44}},"1":{"start":{"line":2,"column":0},"end":{"line":2,"column":45}},"2":{"start":{"line":5,"column":7},"end":{"line":5,"column":null}},"3":{"start":{"line":5,"column":13},"end":{"line":5,"column":21}},"4":{"start":{"line":5,"column":13},"end":{"line":5,"column":null}}},"fnMap":{},"branchMap":{},"s":{"0":0,"1":0,"2":0,"3":0,"4":0},"f":{},"b":{}}
,"/home/wesley/projetos/conectar/Teste-NestJS-e-Flutter-Gerenciamento-de-Usuarios/server/src/jwt/jwt.strategy.ts": {"path":"/home/wesley/projetos/conectar/Teste-NestJS-e-Flutter-Gerenciamento-de-Usuarios/server/src/jwt/jwt.strategy.ts","statementMap":{"0":{"start":{"line":1,"column":0},"end":{"line":1,"column":44}},"1":{"start":{"line":2,"column":0},"end":{"line":2,"column":52}},"2":{"start":{"line":3,"column":0},"end":{"line":3,"column":52}},"3":{"start":{"line":6,"column":7},"end":{"line":18,"column":null}},"4":{"start":{"line":8,"column":4},"end":{"line":12,"column":7}},"5":{"start":{"line":16,"column":4},"end":{"line":16,"column":77}},"6":{"start":{"line":6,"column":13},"end":{"line":6,"column":24}},"7":{"start":{"line":6,"column":13},"end":{"line":18,"column":null}}},"fnMap":{"0":{"name":"(anonymous_2)","decl":{"start":{"line":7,"column":2},"end":{"line":7,"column":null}},"loc":{"start":{"line":7,"column":2},"end":{"line":13,"column":3}}},"1":{"name":"(anonymous_3)","decl":{"start":{"line":15,"column":2},"end":{"line":15,"column":7}},"loc":{"start":{"line":15,"column":29},"end":{"line":17,"column":3}}}},"branchMap":{},"s":{"0":0,"1":0,"2":0,"3":0,"4":0,"5":0,"6":0,"7":0},"f":{"0":0,"1":0},"b":{}}
,"/home/wesley/projetos/conectar/Teste-NestJS-e-Flutter-Gerenciamento-de-Usuarios/server/src/jwt/roles.decorator.ts": {"path":"/home/wesley/projetos/conectar/Teste-NestJS-e-Flutter-Gerenciamento-de-Usuarios/server/src/jwt/roles.decorator.ts","statementMap":{"0":{"start":{"line":1,"column":0},"end":{"line":1,"column":45}},"1":{"start":{"line":3,"column":21},"end":{"line":3,"column":72}},"2":{"start":{"line":3,"column":45},"end":{"line":3,"column":72}},"3":{"start":{"line":3,"column":13},"end":{"line":3,"column":21}}},"fnMap":{"0":{"name":"(anonymous_0)","decl":{"start":{"line":3,"column":21},"end":{"line":3,"column":22}},"loc":{"start":{"line":3,"column":45},"end":{"line":3,"column":72}}}},"branchMap":{},"s":{"0":0,"1":0,"2":0,"3":0},"f":{"0":0},"b":{}}
,"/home/wesley/projetos/conectar/Teste-NestJS-e-Flutter-Gerenciamento-de-Usuarios/server/src/jwt/roles.guard.ts": {"path":"/home/wesley/projetos/conectar/Teste-NestJS-e-Flutter-Gerenciamento-de-Usuarios/server/src/jwt/roles.guard.ts","statementMap":{"0":{"start":{"line":1,"column":0},"end":{"line":1,"column":75}},"1":{"start":{"line":2,"column":0},"end":{"line":2,"column":41}},"2":{"start":{"line":5,"column":7},"end":{"line":17,"column":null}},"3":{"start":{"line":6,"column":22},"end":{"line":6,"column":33}},"4":{"start":{"line":9,"column":26},"end":{"line":9,"column":85}},"5":{"start":{"line":10,"column":4},"end":{"line":12,"column":5}},"6":{"start":{"line":11,"column":6},"end":{"line":11,"column":18}},"7":{"start":{"line":13,"column":20},"end":{"line":13,"column":55}},"8":{"start":{"line":14,"column":17},"end":{"line":14,"column":29}},"9":{"start":{"line":15,"column":4},"end":{"line":15,"column":45}},"10":{"start":{"line":5,"column":13},"end":{"line":5,"column":23}},"11":{"start":{"line":5,"column":13},"end":{"line":17,"column":null}}},"fnMap":{"0":{"name":"(anonymous_2)","decl":{"start":{"line":6,"column":2},"end":{"line":6,"column":22}},"loc":{"start":{"line":6,"column":42},"end":{"line":6,"column":46}}},"1":{"name":"(anonymous_3)","decl":{"start":{"line":8,"column":2},"end":{"line":8,"column":13}},"loc":{"start":{"line":8,"column":39},"end":{"line":16,"column":3}}}},"branchMap":{"0":{"loc":{"start":{"line":10,"column":4},"end":{"line":12,"column":5}},"type":"if","locations":[{"start":{"line":10,"column":4},"end":{"line":12,"column":5}},{"start":{},"end":{}}]},"1":{"loc":{"start":{"line":6,"column":33},"end":{"line":6,"column":45}},"type":"cond-expr","locations":[{"start":{"line":6,"column":42},"end":{"line":6,"column":45}},{"start":{"line":6,"column":42},"end":{"line":6,"column":45}}]},"2":{"loc":{"start":{"line":6,"column":33},"end":{"line":6,"column":42}},"type":"binary-expr","locations":[{"start":{"line":6,"column":33},"end":{"line":6,"column":45}},{"start":{"line":6,"column":33},"end":{"line":6,"column":42}}]}},"s":{"0":0,"1":0,"2":0,"3":0,"4":0,"5":0,"6":0,"7":0,"8":0,"9":0,"10":0,"11":0},"f":{"0":0,"1":0},"b":{"0":[0,0],"1":[0,0],"2":[0,0]}}
,"/home/wesley/projetos/conectar/Teste-NestJS-e-Flutter-Gerenciamento-de-Usuarios/server/src/prisma/prisma.module.ts": {"path":"/home/wesley/projetos/conectar/Teste-NestJS-e-Flutter-Gerenciamento-de-Usuarios/server/src/prisma/prisma.module.ts","statementMap":{"0":{"start":{"line":1,"column":0},"end":{"line":1,"column":48}},"1":{"start":{"line":2,"column":0},"end":{"line":2,"column":49}},"2":{"start":{"line":9,"column":7},"end":{"line":9,"column":null}},"3":{"start":{"line":9,"column":13},"end":{"line":9,"column":25}},"4":{"start":{"line":9,"column":13},"end":{"line":9,"column":null}}},"fnMap":{},"branchMap":{},"s":{"0":0,"1":0,"2":0,"3":0,"4":0},"f":{},"b":{}}
,"/home/wesley/projetos/conectar/Teste-NestJS-e-Flutter-Gerenciamento-de-Usuarios/server/src/prisma/prisma.service.ts": {"path":"/home/wesley/projetos/conectar/Teste-NestJS-e-Flutter-Gerenciamento-de-Usuarios/server/src/prisma/prisma.service.ts","statementMap":{"0":{"start":{"line":1,"column":0},"end":{"line":1,"column":58}},"1":{"start":{"line":2,"column":0},"end":{"line":2,"column":54}},"2":{"start":{"line":5,"column":7},"end":{"line":9,"column":null}},"3":{"start":{"line":7,"column":4},"end":{"line":7,"column":26}},"4":{"start":{"line":5,"column":13},"end":{"line":5,"column":26}},"5":{"start":{"line":5,"column":13},"end":{"line":9,"column":null}}},"fnMap":{"0":{"name":"(anonymous_1)","decl":{"start":{"line":6,"column":2},"end":{"line":6,"column":7}},"loc":{"start":{"line":6,"column":20},"end":{"line":8,"column":3}}}},"branchMap":{},"s":{"0":3,"1":3,"2":3,"3":0,"4":3,"5":3},"f":{"0":0},"b":{}}
,"/home/wesley/projetos/conectar/Teste-NestJS-e-Flutter-Gerenciamento-de-Usuarios/server/src/users/users.controller.ts": {"path":"/home/wesley/projetos/conectar/Teste-NestJS-e-Flutter-Gerenciamento-de-Usuarios/server/src/users/users.controller.ts","statementMap":{"0":{"start":{"line":1,"column":0},"end":{"line":1,"column":null}},"1":{"start":{"line":14,"column":0},"end":{"line":14,"column":94}},"2":{"start":{"line":15,"column":0},"end":{"line":15,"column":47}},"3":{"start":{"line":16,"column":0},"end":{"line":16,"column":54}},"4":{"start":{"line":17,"column":0},"end":{"line":17,"column":54}},"5":{"start":{"line":18,"column":0},"end":{"line":18,"column":60}},"6":{"start":{"line":19,"column":0},"end":{"line":19,"column":44}},"7":{"start":{"line":20,"column":0},"end":{"line":20,"column":48}},"8":{"start":{"line":21,"column":0},"end":{"line":21,"column":47}},"9":{"start":{"line":27,"column":7},"end":{"line":149,"column":null}},"10":{"start":{"line":28,"column":31},"end":{"line":28,"column":45}},"11":{"start":{"line":41,"column":4},"end":{"line":41,"column":51}},"12":{"start":{"line":58,"column":4},"end":{"line":58,"column":44}},"13":{"start":{"line":71,"column":4},"end":{"line":71,"column":49}},"14":{"start":{"line":82,"column":4},"end":{"line":82,"column":54}},"15":{"start":{"line":93,"column":4},"end":{"line":93,"column":71}},"16":{"start":{"line":107,"column":4},"end":{"line":109,"column":5}},"17":{"start":{"line":108,"column":6},"end":{"line":108,"column":78}},"18":{"start":{"line":110,"column":4},"end":{"line":110,"column":41}},"19":{"start":{"line":124,"column":4},"end":{"line":126,"column":5}},"20":{"start":{"line":125,"column":6},"end":{"line":125,"column":80}},"21":{"start":{"line":129,"column":4},"end":{"line":131,"column":5}},"22":{"start":{"line":130,"column":6},"end":{"line":130,"column":93}},"23":{"start":{"line":133,"column":4},"end":{"line":133,"column":55}},"24":{"start":{"line":147,"column":4},"end":{"line":147,"column":40}},"25":{"start":{"line":27,"column":13},"end":{"line":27,"column":28}},"26":{"start":{"line":40,"column":2},"end":{"line":42,"column":null}},"27":{"start":{"line":57,"column":2},"end":{"line":59,"column":null}},"28":{"start":{"line":70,"column":2},"end":{"line":72,"column":null}},"29":{"start":{"line":81,"column":2},"end":{"line":83,"column":null}},"30":{"start":{"line":92,"column":2},"end":{"line":94,"column":null}},"31":{"start":{"line":105,"column":2},"end":{"line":111,"column":null}},"32":{"start":{"line":122,"column":2},"end":{"line":134,"column":null}},"33":{"start":{"line":146,"column":2},"end":{"line":148,"column":null}},"34":{"start":{"line":27,"column":13},"end":{"line":149,"column":null}}},"fnMap":{"0":{"name":"(anonymous_4)","decl":{"start":{"line":28,"column":2},"end":{"line":28,"column":31}},"loc":{"start":{"line":28,"column":57},"end":{"line":28,"column":61}}},"1":{"name":"(anonymous_5)","decl":{"start":{"line":40,"column":2},"end":{"line":40,"column":8}},"loc":{"start":{"line":40,"column":45},"end":{"line":42,"column":3}}},"2":{"name":"(anonymous_6)","decl":{"start":{"line":57,"column":2},"end":{"line":57,"column":9}},"loc":{"start":{"line":57,"column":24},"end":{"line":59,"column":3}}},"3":{"name":"(anonymous_7)","decl":{"start":{"line":70,"column":2},"end":{"line":70,"column":19}},"loc":{"start":{"line":70,"column":19},"end":{"line":72,"column":3}}},"4":{"name":"(anonymous_8)","decl":{"start":{"line":81,"column":2},"end":{"line":81,"column":12}},"loc":{"start":{"line":81,"column":27},"end":{"line":83,"column":3}}},"5":{"name":"(anonymous_9)","decl":{"start":{"line":92,"column":2},"end":{"line":92,"column":15}},"loc":{"start":{"line":92,"column":74},"end":{"line":94,"column":3}}},"6":{"name":"(anonymous_10)","decl":{"start":{"line":105,"column":2},"end":{"line":105,"column":9}},"loc":{"start":{"line":105,"column":49},"end":{"line":111,"column":3}}},"7":{"name":"(anonymous_11)","decl":{"start":{"line":122,"column":2},"end":{"line":122,"column":8}},"loc":{"start":{"line":122,"column":86},"end":{"line":134,"column":3}}},"8":{"name":"(anonymous_12)","decl":{"start":{"line":146,"column":2},"end":{"line":146,"column":8}},"loc":{"start":{"line":146,"column":32},"end":{"line":148,"column":3}}}},"branchMap":{"0":{"loc":{"start":{"line":107,"column":4},"end":{"line":109,"column":5}},"type":"if","locations":[{"start":{"line":107,"column":4},"end":{"line":109,"column":5}},{"start":{},"end":{}}]},"1":{"loc":{"start":{"line":107,"column":8},"end":{"line":107,"column":59}},"type":"binary-expr","locations":[{"start":{"line":107,"column":8},"end":{"line":107,"column":33}},{"start":{"line":107,"column":37},"end":{"line":107,"column":59}}]},"2":{"loc":{"start":{"line":124,"column":4},"end":{"line":126,"column":5}},"type":"if","locations":[{"start":{"line":124,"column":4},"end":{"line":126,"column":5}},{"start":{},"end":{}}]},"3":{"loc":{"start":{"line":124,"column":8},"end":{"line":124,"column":59}},"type":"binary-expr","locations":[{"start":{"line":124,"column":8},"end":{"line":124,"column":33}},{"start":{"line":124,"column":37},"end":{"line":124,"column":59}}]},"4":{"loc":{"start":{"line":129,"column":4},"end":{"line":131,"column":5}},"type":"if","locations":[{"start":{"line":129,"column":4},"end":{"line":131,"column":5}},{"start":{},"end":{}}]},"5":{"loc":{"start":{"line":129,"column":8},"end":{"line":129,"column":55}},"type":"binary-expr","locations":[{"start":{"line":129,"column":8},"end":{"line":129,"column":33}},{"start":{"line":129,"column":37},"end":{"line":129,"column":55}}]},"6":{"loc":{"start":{"line":40,"column":32},"end":{"line":40,"column":null}},"type":"cond-expr","locations":[{"start":{"line":40,"column":45},"end":{"line":40,"column":null}},{"start":{"line":40,"column":45},"end":{"line":40,"column":null}}]},"7":{"loc":{"start":{"line":40,"column":32},"end":{"line":40,"column":45}},"type":"binary-expr","locations":[{"start":{"line":40,"column":32},"end":{"line":40,"column":null}},{"start":{"line":40,"column":32},"end":{"line":40,"column":45}}]},"8":{"loc":{"start":{"line":92,"column":42},"end":{"line":92,"column":61}},"type":"cond-expr","locations":[{"start":{"line":92,"column":58},"end":{"line":92,"column":61}},{"start":{"line":92,"column":58},"end":{"line":92,"column":61}}]},"9":{"loc":{"start":{"line":92,"column":42},"end":{"line":92,"column":58}},"type":"binary-expr","locations":[{"start":{"line":92,"column":42},"end":{"line":92,"column":61}},{"start":{"line":92,"column":42},"end":{"line":92,"column":58}}]},"10":{"loc":{"start":{"line":122,"column":57},"end":{"line":122,"column":73}},"type":"cond-expr","locations":[{"start":{"line":122,"column":70},"end":{"line":122,"column":73}},{"start":{"line":122,"column":70},"end":{"line":122,"column":73}}]},"11":{"loc":{"start":{"line":122,"column":57},"end":{"line":122,"column":70}},"type":"binary-expr","locations":[{"start":{"line":122,"column":57},"end":{"line":122,"column":73}},{"start":{"line":122,"column":57},"end":{"line":122,"column":70}}]},"12":{"loc":{"start":{"line":28,"column":45},"end":{"line":28,"column":60}},"type":"cond-expr","locations":[{"start":{"line":28,"column":57},"end":{"line":28,"column":60}},{"start":{"line":28,"column":57},"end":{"line":28,"column":60}}]},"13":{"loc":{"start":{"line":28,"column":45},"end":{"line":28,"column":57}},"type":"binary-expr","locations":[{"start":{"line":28,"column":45},"end":{"line":28,"column":60}},{"start":{"line":28,"column":45},"end":{"line":28,"column":57}}]}},"s":{"0":0,"1":0,"2":0,"3":0,"4":0,"5":0,"6":0,"7":0,"8":0,"9":0,"10":0,"11":0,"12":0,"13":0,"14":0,"15":0,"16":0,"17":0,"18":0,"19":0,"20":0,"21":0,"22":0,"23":0,"24":0,"25":0,"26":0,"27":0,"28":0,"29":0,"30":0,"31":0,"32":0,"33":0,"34":0},"f":{"0":0,"1":0,"2":0,"3":0,"4":0,"5":0,"6":0,"7":0,"8":0},"b":{"0":[0,0],"1":[0,0],"2":[0,0],"3":[0,0],"4":[0,0],"5":[0,0],"6":[0,0],"7":[0,0],"8":[0,0],"9":[0,0],"10":[0,0],"11":[0,0],"12":[0,0],"13":[0,0]}}
,"/home/wesley/projetos/conectar/Teste-NestJS-e-Flutter-Gerenciamento-de-Usuarios/server/src/users/users.module.ts": {"path":"/home/wesley/projetos/conectar/Teste-NestJS-e-Flutter-Gerenciamento-de-Usuarios/server/src/users/users.module.ts","statementMap":{"0":{"start":{"line":1,"column":0},"end":{"line":1,"column":40}},"1":{"start":{"line":2,"column":0},"end":{"line":2,"column":53}},"2":{"start":{"line":3,"column":0},"end":{"line":3,"column":47}},"3":{"start":{"line":9,"column":7},"end":{"line":9,"column":null}},"4":{"start":{"line":9,"column":13},"end":{"line":9,"column":24}},"5":{"start":{"line":9,"column":13},"end":{"line":9,"column":null}}},"fnMap":{},"branchMap":{},"s":{"0":0,"1":0,"2":0,"3":0,"4":0,"5":0},"f":{},"b":{}}
,"/home/wesley/projetos/conectar/Teste-NestJS-e-Flutter-Gerenciamento-de-Usuarios/server/src/users/users.service.ts": {"path":"/home/wesley/projetos/conectar/Teste-NestJS-e-Flutter-Gerenciamento-de-Usuarios/server/src/users/users.service.ts","statementMap":{"0":{"start":{"line":1,"column":0},"end":{"line":1,"column":84}},"1":{"start":{"line":2,"column":0},"end":{"line":2,"column":57}},"2":{"start":{"line":7,"column":7},"end":{"line":109,"column":null}},"3":{"start":{"line":8,"column":22},"end":{"line":8,"column":30}},"4":{"start":{"line":12,"column":25},"end":{"line":14,"column":6}},"5":{"start":{"line":15,"column":4},"end":{"line":17,"column":5}},"6":{"start":{"line":16,"column":6},"end":{"line":16,"column":80}},"7":{"start":{"line":20,"column":4},"end":{"line":23,"column":5}},"8":{"start":{"line":21,"column":21},"end":{"line":21,"column":38}},"9":{"start":{"line":22,"column":6},"end":{"line":22,"column":77}},"10":{"start":{"line":25,"column":17},"end":{"line":25,"column":71}},"11":{"start":{"line":26,"column":36},"end":{"line":26,"column":40}},"12":{"start":{"line":27,"column":4},"end":{"line":27,"column":18}},"13":{"start":{"line":31,"column":42},"end":{"line":31,"column":47}},"14":{"start":{"line":32,"column":23},"end":{"line":32,"column":25}},"15":{"start":{"line":33,"column":4},"end":{"line":33,"column":32}},"16":{"start":{"line":33,"column":14},"end":{"line":33,"column":32}},"17":{"start":{"line":34,"column":4},"end":{"line":34,"column":46}},"18":{"start":{"line":34,"column":14},"end":{"line":34,"column":46}},"19":{"start":{"line":36,"column":25},"end":{"line":36,"column":27}},"20":{"start":{"line":37,"column":4},"end":{"line":39,"column":5}},"21":{"start":{"line":38,"column":6},"end":{"line":38,"column":58}},"22":{"start":{"line":41,"column":18},"end":{"line":41,"column":69}},"23":{"start":{"line":42,"column":4},"end":{"line":45,"column":7}},"24":{"start":{"line":43,"column":38},"end":{"line":43,"column":42}},"25":{"start":{"line":44,"column":6},"end":{"line":44,"column":20}},"26":{"start":{"line":49,"column":17},"end":{"line":49,"column":69}},"27":{"start":{"line":50,"column":4},"end":{"line":50,"column":61}},"28":{"start":{"line":50,"column":15},"end":{"line":50,"column":61}},"29":{"start":{"line":51,"column":36},"end":{"line":51,"column":40}},"30":{"start":{"line":52,"column":4},"end":{"line":52,"column":18}},"31":{"start":{"line":57,"column":25},"end":{"line":57,"column":77}},"32":{"start":{"line":58,"column":4},"end":{"line":60,"column":5}},"33":{"start":{"line":59,"column":6},"end":{"line":59,"column":60}},"34":{"start":{"line":63,"column":4},"end":{"line":66,"column":5}},"35":{"start":{"line":64,"column":21},"end":{"line":64,"column":38}},"36":{"start":{"line":65,"column":6},"end":{"line":65,"column":77}},"37":{"start":{"line":69,"column":4},"end":{"line":76,"column":5}},"38":{"start":{"line":70,"column":26},"end":{"line":72,"column":8}},"39":{"start":{"line":73,"column":6},"end":{"line":75,"column":7}},"40":{"start":{"line":74,"column":8},"end":{"line":74,"column":82}},"41":{"start":{"line":78,"column":17},"end":{"line":78,"column":86}},"42":{"start":{"line":79,"column":36},"end":{"line":79,"column":40}},"43":{"start":{"line":80,"column":4},"end":{"line":80,"column":18}},"44":{"start":{"line":85,"column":25},"end":{"line":85,"column":77}},"45":{"start":{"line":86,"column":4},"end":{"line":88,"column":5}},"46":{"start":{"line":87,"column":6},"end":{"line":87,"column":60}},"47":{"start":{"line":90,"column":4},"end":{"line":90,"column":54}},"48":{"start":{"line":94,"column":26},"end":{"line":94,"column":36}},"49":{"start":{"line":95,"column":4},"end":{"line":95,"column":56}},"50":{"start":{"line":96,"column":18},"end":{"line":103,"column":6}},"51":{"start":{"line":104,"column":4},"end":{"line":107,"column":7}},"52":{"start":{"line":105,"column":38},"end":{"line":105,"column":42}},"53":{"start":{"line":106,"column":6},"end":{"line":106,"column":20}},"54":{"start":{"line":7,"column":13},"end":{"line":7,"column":25}},"55":{"start":{"line":7,"column":13},"end":{"line":109,"column":null}}},"fnMap":{"0":{"name":"(anonymous_2)","decl":{"start":{"line":8,"column":2},"end":{"line":8,"column":22}},"loc":{"start":{"line":8,"column":43},"end":{"line":8,"column":47}}},"1":{"name":"(anonymous_3)","decl":{"start":{"line":10,"column":2},"end":{"line":10,"column":7}},"loc":{"start":{"line":10,"column":43},"end":{"line":28,"column":3}}},"2":{"name":"(anonymous_4)","decl":{"start":{"line":30,"column":2},"end":{"line":30,"column":7}},"loc":{"start":{"line":30,"column":26},"end":{"line":46,"column":3}}},"3":{"name":"(anonymous_5)","decl":{"start":{"line":42,"column":21},"end":{"line":42,"column":25}},"loc":{"start":{"line":42,"column":28},"end":{"line":45,"column":5}}},"4":{"name":"(anonymous_6)","decl":{"start":{"line":48,"column":2},"end":{"line":48,"column":7}},"loc":{"start":{"line":48,"column":26},"end":{"line":53,"column":3}}},"5":{"name":"(anonymous_7)","decl":{"start":{"line":55,"column":2},"end":{"line":55,"column":7}},"loc":{"start":{"line":55,"column":55},"end":{"line":81,"column":3}}},"6":{"name":"(anonymous_8)","decl":{"start":{"line":83,"column":2},"end":{"line":83,"column":7}},"loc":{"start":{"line":83,"column":25},"end":{"line":91,"column":3}}},"7":{"name":"(anonymous_9)","decl":{"start":{"line":93,"column":2},"end":{"line":93,"column":7}},"loc":{"start":{"line":93,"column":25},"end":{"line":108,"column":3}}},"8":{"name":"(anonymous_10)","decl":{"start":{"line":104,"column":21},"end":{"line":104,"column":25}},"loc":{"start":{"line":104,"column":28},"end":{"line":107,"column":5}}}},"branchMap":{"0":{"loc":{"start":{"line":15,"column":4},"end":{"line":17,"column":5}},"type":"if","locations":[{"start":{"line":15,"column":4},"end":{"line":17,"column":5}},{"start":{},"end":{}}]},"1":{"loc":{"start":{"line":20,"column":4},"end":{"line":23,"column":5}},"type":"if","locations":[{"start":{"line":20,"column":4},"end":{"line":23,"column":5}},{"start":{},"end":{}}]},"2":{"loc":{"start":{"line":33,"column":4},"end":{"line":33,"column":32}},"type":"if","locations":[{"start":{"line":33,"column":4},"end":{"line":33,"column":32}},{"start":{},"end":{}}]},"3":{"loc":{"start":{"line":34,"column":4},"end":{"line":34,"column":46}},"type":"if","locations":[{"start":{"line":34,"column":4},"end":{"line":34,"column":46}},{"start":{},"end":{}}]},"4":{"loc":{"start":{"line":37,"column":4},"end":{"line":39,"column":5}},"type":"if","locations":[{"start":{"line":37,"column":4},"end":{"line":39,"column":5}},{"start":{},"end":{}}]},"5":{"loc":{"start":{"line":38,"column":24},"end":{"line":38,"column":57}},"type":"cond-expr","locations":[{"start":{"line":38,"column":43},"end":{"line":38,"column":49}},{"start":{"line":38,"column":52},"end":{"line":38,"column":57}}]},"6":{"loc":{"start":{"line":50,"column":4},"end":{"line":50,"column":61}},"type":"if","locations":[{"start":{"line":50,"column":4},"end":{"line":50,"column":61}},{"start":{},"end":{}}]},"7":{"loc":{"start":{"line":58,"column":4},"end":{"line":60,"column":5}},"type":"if","locations":[{"start":{"line":58,"column":4},"end":{"line":60,"column":5}},{"start":{},"end":{}}]},"8":{"loc":{"start":{"line":63,"column":4},"end":{"line":66,"column":5}},"type":"if","locations":[{"start":{"line":63,"column":4},"end":{"line":66,"column":5}},{"start":{},"end":{}}]},"9":{"loc":{"start":{"line":69,"column":4},"end":{"line":76,"column":5}},"type":"if","locations":[{"start":{"line":69,"column":4},"end":{"line":76,"column":5}},{"start":{},"end":{}}]},"10":{"loc":{"start":{"line":69,"column":8},"end":{"line":69,"column":73}},"type":"binary-expr","locations":[{"start":{"line":69,"column":8},"end":{"line":69,"column":27}},{"start":{"line":69,"column":31},"end":{"line":69,"column":73}}]},"11":{"loc":{"start":{"line":73,"column":6},"end":{"line":75,"column":7}},"type":"if","locations":[{"start":{"line":73,"column":6},"end":{"line":75,"column":7}},{"start":{},"end":{}}]},"12":{"loc":{"start":{"line":86,"column":4},"end":{"line":88,"column":5}},"type":"if","locations":[{"start":{"line":86,"column":4},"end":{"line":88,"column":5}},{"start":{},"end":{}}]},"13":{"loc":{"start":{"line":8,"column":30},"end":{"line":8,"column":46}},"type":"cond-expr","locations":[{"start":{"line":8,"column":43},"end":{"line":8,"column":46}},{"start":{"line":8,"column":43},"end":{"line":8,"column":46}}]},"14":{"loc":{"start":{"line":8,"column":30},"end":{"line":8,"column":43}},"type":"binary-expr","locations":[{"start":{"line":8,"column":30},"end":{"line":8,"column":46}},{"start":{"line":8,"column":30},"end":{"line":8,"column":43}}]}},"s":{"0":2,"1":2,"2":2,"3":32,"4":8,"5":8,"6":2,"7":6,"8":6,"9":6,"10":6,"11":4,"12":4,"13":6,"14":6,"15":6,"16":2,"17":6,"18":2,"19":6,"20":6,"21":0,"22":6,"23":6,"24":6,"25":6,"26":4,"27":4,"28":2,"29":2,"30":2,"31":6,"32":6,"33":2,"34":4,"35":2,"36":2,"37":4,"38":0,"39":0,"40":0,"41":4,"42":4,"43":4,"44":4,"45":4,"46":2,"47":2,"48":2,"49":2,"50":2,"51":2,"52":2,"53":2,"54":2,"55":2},"f":{"0":32,"1":8,"2":6,"3":6,"4":4,"5":6,"6":4,"7":2,"8":2},"b":{"0":[2,6],"1":[6,0],"2":[2,4],"3":[2,4],"4":[0,6],"5":[0,0],"6":[2,2],"7":[2,4],"8":[2,2],"9":[0,4],"10":[4,0],"11":[0,0],"12":[2,2],"13":[2,0],"14":[2,2]}}
,"/home/wesley/projetos/conectar/Teste-NestJS-e-Flutter-Gerenciamento-de-Usuarios/server/src/users/dto/create-user.dto.ts": {"path":"/home/wesley/projetos/conectar/Teste-NestJS-e-Flutter-Gerenciamento-de-Usuarios/server/src/users/dto/create-user.dto.ts","statementMap":{"0":{"start":{"line":1,"column":0},"end":{"line":1,"column":76}},"1":{"start":{"line":2,"column":0},"end":{"line":2,"column":46}},"2":{"start":{"line":4,"column":0},"end":{"line":4,"column":13}},"3":{"start":{"line":11,"column":2},"end":{"line":11,"column":null}},"4":{"start":{"line":18,"column":2},"end":{"line":18,"column":null}},"5":{"start":{"line":26,"column":2},"end":{"line":26,"column":null}},"6":{"start":{"line":36,"column":2},"end":{"line":36,"column":null}}},"fnMap":{},"branchMap":{},"s":{"0":0,"1":0,"2":0,"3":0,"4":0,"5":0,"6":0},"f":{},"b":{}}
,"/home/wesley/projetos/conectar/Teste-NestJS-e-Flutter-Gerenciamento-de-Usuarios/server/src/users/dto/update-profile.dto.ts": {"path":"/home/wesley/projetos/conectar/Teste-NestJS-e-Flutter-Gerenciamento-de-Usuarios/server/src/users/dto/update-profile.dto.ts","statementMap":{"0":{"start":{"line":1,"column":0},"end":{"line":1,"column":64}},"1":{"start":{"line":2,"column":0},"end":{"line":2,"column":46}},"2":{"start":{"line":4,"column":0},"end":{"line":4,"column":13}},"3":{"start":{"line":12,"column":2},"end":{"line":12,"column":null}},"4":{"start":{"line":21,"column":2},"end":{"line":21,"column":null}},"5":{"start":{"line":30,"column":2},"end":{"line":30,"column":null}}},"fnMap":{},"branchMap":{},"s":{"0":0,"1":0,"2":0,"3":0,"4":0,"5":0},"f":{},"b":{}}
,"/home/wesley/projetos/conectar/Teste-NestJS-e-Flutter-Gerenciamento-de-Usuarios/server/src/users/dto/update-user.dto.ts": {"path":"/home/wesley/projetos/conectar/Teste-NestJS-e-Flutter-Gerenciamento-de-Usuarios/server/src/users/dto/update-user.dto.ts","statementMap":{"0":{"start":{"line":1,"column":0},"end":{"line":1,"column":51}},"1":{"start":{"line":2,"column":0},"end":{"line":2,"column":50}},"2":{"start":{"line":4,"column":0},"end":{"line":4,"column":13}}},"fnMap":{},"branchMap":{},"s":{"0":0,"1":0,"2":0},"f":{},"b":{}}
}
